Nov 12 13:54:02 Erased: gcc-c++
Nov 12 13:56:04 Erased: libtool
Nov 12 13:56:04 Erased: zlib-static
Nov 12 13:56:04 Erased: glibc-static
Nov 12 13:56:04 Erased: gcc-objc
Nov 12 13:56:04 Erased: gcc-gfortran
Nov 12 13:56:04 Erased: gcc
Nov 12 13:57:25 Erased: perl-Module-Build
Nov 12 13:57:25 Erased: perl-ExtUtils-CBuilder
Nov 12 13:57:25 Erased: perl-ExtUtils-Embed
Nov 12 13:57:25 Erased: perl-Test-Simple
Nov 12 13:57:25 Erased: perl-CPAN
Nov 12 13:57:25 Erased: perl-Test-Harness
Nov 12 13:57:25 Erased: perl-ExtUtils-ParseXS
Nov 12 13:57:25 Erased: perl-devel
Nov 12 13:57:25 Erased: perl-ExtUtils-MakeMaker
Nov 12 13:58:26 Erased: compat-gcc-34-c++
Nov 12 13:58:26 Erased: compat-gcc-34-g77
Nov 12 13:58:26 Erased: compat-gcc-34
Nov 12 14:05:27 Erased: bison
Nov 12 14:06:16 Erased: rpmdevtools
Nov 12 14:06:16 Erased: rpm-build
Nov 12 14:06:16 Erased: shared-mime-info
Nov 12 14:06:16 Erased: parted-compat-libs
Nov 12 14:06:16 Erased: xorg-x11-font-utils
Nov 12 14:06:16 Erased: usbutils
Nov 12 14:06:16 Erased: pkgconfig
Nov 12 14:06:32 Erased: ctags
Nov 12 14:07:04 Erased: libcgroup
Nov 12 14:07:18 Erased: perf
Nov 12 14:07:40 Erased: cpp
Nov 12 14:08:14 Erased: glibc-headers
Nov 12 14:08:15 Erased: compat-glibc
Nov 12 14:08:15 Erased: compat-glibc-headers
Nov 12 14:08:15 Erased: kernel-headers
Nov 12 14:08:31 Erased: patch
Nov 12 14:09:22 Erased: gdb
Nov 12 14:09:31 Erased: gettext
Nov 12 14:09:31 Erased: cvs
Nov 12 14:09:39 Erased: nss_db
Nov 12 14:09:39 Erased: make
Nov 12 14:10:08 Erased: automake
Nov 12 14:10:34 Erased: automake14
Nov 12 14:10:34 Erased: automake16
Nov 12 14:10:34 Erased: automake15
Nov 12 14:11:04 Erased: autoconf
Nov 12 14:11:54 Erased: ltrace
Nov 12 14:12:43 Erased: krb5-workstation
Nov 12 14:12:43 Erased: quota
Nov 12 14:12:43 Erased: e2fsprogs
Nov 12 14:12:43 Erased: libss
Nov 12 14:13:12 Erased: blktrace
Nov 12 14:13:29 Erased: OpenIPMI
Nov 12 14:13:29 Erased: OpenIPMI-libs
Nov 12 14:15:22 Erased: selinux-policy-targeted
Nov 12 14:15:22 Erased: selinux-policy
Nov 12 14:15:22 Erased: policycoreutils
Nov 12 14:15:22 Erased: checkpolicy
Nov 12 14:17:04 Erased: python-lxml
Nov 12 14:17:04 Erased: libxslt
Nov 12 14:17:40 Erased: cloog-ppl
Nov 12 14:17:40 Erased: ppl
Nov 12 14:17:55 Erased: flex
Nov 12 14:18:26 Erased: lslk
Nov 12 14:18:35 Erased: numpy
Nov 12 14:19:51 Erased: redhat-rpm-config
Nov 12 14:20:04 Erased: conman
Nov 12 14:20:04 Erased: expect
Nov 12 14:20:04 Erased: tcl
Nov 12 14:20:30 Erased: authconfig
Nov 12 14:20:30 Erased: newt-python
Nov 12 14:20:53 Erased: elfutils
Nov 12 14:21:53 Erased: fakeroot
Nov 12 14:22:04 Erased: fakeroot-libs
Nov 12 14:22:50 Erased: kernel-firmware
Nov 12 14:23:15 Erased: libselinux-utils
Nov 12 14:23:51 Erased: sos
Nov 12 14:23:51 Erased: createrepo
Nov 12 14:23:52 Erased: libxml2-python
Nov 12 14:24:25 Erased: net-snmp-libs
Nov 12 14:25:03 Erased: lldpad
Nov 12 14:25:03 Erased: libnl
Nov 12 14:26:31 Erased: ql2100-firmware
Nov 12 14:26:31 Erased: rt61pci-firmware
Nov 12 14:26:31 Erased: ql2200-firmware
Nov 12 14:26:31 Erased: ql23xx-firmware
Nov 12 14:26:31 Erased: rt73usb-firmware
Nov 12 14:26:31 Erased: bfa-firmware
Nov 12 14:26:31 Erased: aic94xx-firmware
Nov 12 14:26:31 Erased: ql2400-firmware
Nov 12 14:26:31 Erased: ql2500-firmware
Nov 12 14:26:31 Erased: atmel-firmware
Nov 12 14:27:01 Erased: compat-db
Nov 12 14:27:01 Erased: man-pages-overrides
Nov 12 14:27:01 Erased: man
Nov 12 14:27:01 Erased: xz-lzma-compat
Nov 12 14:27:01 Erased: compat-db42
Nov 12 14:27:01 Erased: compat-db43
Nov 12 14:27:01 Erased: compat-libtermcap
Nov 12 14:27:01 Erased: compat-libstdc++-33
Nov 12 14:27:01 Erased: compat-libf2c-34
Nov 12 14:27:01 Erased: compat-readline5
Nov 12 14:27:01 Erased: compat-openldap
Nov 12 14:28:07 Erased: imake
Nov 12 14:28:35 Erased: iotop
Nov 12 14:29:14 Erased: tkernel-update
Nov 12 14:29:41 Erased: ksh
Nov 12 14:30:10 Erased: latencytop
Nov 12 14:30:53 Erased: zsh
Nov 12 14:31:41 Erased: vconfig
Nov 12 14:32:08 Erased: udftools
Nov 12 14:32:50 Erased: ttmkfdir
Nov 12 14:33:00 Erased: tree
Nov 12 14:33:22 Erased: traceroute
Nov 12 14:33:36 Erased: tmpwatch
Nov 12 14:34:15 Erased: texinfo
Nov 12 14:34:35 Erased: tcsh
Nov 12 14:35:19 Erased: smartmontools
Nov 12 14:35:40 Erased: setserial
Nov 12 14:35:48 Erased: screen
Nov 12 14:37:21 Erased: nss-pam-ldapd
Nov 12 14:37:21 Erased: nscd
Nov 12 14:38:49 Erased: libgcj
Nov 12 14:38:49 Erased: gtk2
Nov 12 14:38:49 Erased: atk
Nov 12 14:39:49 Erased: b43-fwcutter
Nov 12 14:40:27 Erased: b43-openfwwf
Nov 12 14:40:36 Erased: bc
Nov 12 14:41:30 Erased: pango
Nov 12 14:41:30 Erased: cairo
Nov 12 14:42:09 Erased: comps-extras
Nov 12 14:43:30 Erased: cups-libs
Nov 12 14:43:40 Erased: dracut
Nov 12 14:43:40 Erased: dash
Nov 12 14:43:55 Erased: python-deltarpm
Nov 12 14:43:55 Erased: deltarpm
Nov 12 14:44:11 Erased: diffutils
Nov 12 14:44:44 Erased: ftp
Nov 12 14:46:39 Erased: hicolor-icon-theme
Nov 12 14:46:39 Erased: mesa-libGLU
Nov 12 14:46:39 Erased: mesa-libGL
Nov 12 14:46:39 Erased: mesa-dri-drivers
Nov 12 14:48:02 Erased: hunspell
Nov 12 14:48:58 Erased: jasper-libs
Nov 12 14:49:29 Erased: jpackage-utils
Nov 12 14:49:50 Erased: jwhois
Nov 12 14:50:35 Erased: lftp
Nov 12 14:51:49 Erased: atlas
Nov 12 14:51:49 Erased: libgfortran
Nov 12 14:52:43 Erased: libhugetlbfs
Nov 12 14:53:04 Erased: openmotif
Nov 12 14:53:04 Erased: openmotif22
Nov 12 14:53:04 Erased: libXmu
Nov 12 14:53:04 Erased: libXt
Nov 12 14:53:04 Erased: libSM
Nov 12 14:53:04 Erased: libICE
Nov 12 14:53:43 Erased: pyorbit
Nov 12 14:53:43 Erased: libbonobo
Nov 12 14:53:43 Erased: ORBit2
Nov 12 14:53:43 Erased: libIDL
Nov 12 14:54:00 Erased: libmng
Nov 12 14:54:00 Erased: gd
Nov 12 14:54:00 Erased: libtiff
Nov 12 14:54:00 Erased: libjpeg
Nov 12 14:54:33 Erased: libobjc
Nov 12 14:55:01 Erased: libpng
Nov 12 14:55:42 Erased: libthai
Nov 12 14:56:26 Erased: libXcomposite
Nov 12 14:56:26 Erased: libXtst
Nov 12 14:56:26 Erased: libXrandr
Nov 12 14:56:26 Erased: libXcursor
Nov 12 14:56:26 Erased: libXi
Nov 12 14:56:26 Erased: libXdamage
Nov 12 14:56:26 Erased: libXft
Nov 12 14:56:26 Erased: libXinerama
Nov 12 14:56:26 Erased: libXp
Nov 12 14:56:26 Erased: libXres
Nov 12 14:56:26 Erased: libXxf86vm
Nov 12 14:56:26 Erased: libXext
Nov 12 14:56:26 Erased: libXrender
Nov 12 14:56:26 Erased: libXfixes
Nov 12 14:56:26 Erased: libXpm
Nov 12 14:56:26 Erased: libxkbfile
Nov 12 14:56:26 Erased: libX11
Nov 12 14:56:26 Erased: libX11-common
Nov 12 14:56:56 Erased: telnet
Nov 12 14:57:57 Erased: amtu
Nov 12 14:58:15 Erased: alsa-lib
Nov 12 14:58:37 Erased: anthy
Nov 12 14:59:12 Erased: cpuspeed
Nov 12 15:00:10 Erased: cyrus-sasl
Nov 12 15:01:15 Erased: docbook-dtds
Nov 12 15:02:18 Erased: efibootmgr
Nov 12 15:03:39 Erased: fontconfig
Nov 12 15:05:02 Erased: lcms-libs
Nov 12 15:05:56 Erased: Lib_Utils
Nov 12 15:06:16 Erased: lm_sensors-libs
Nov 12 15:06:33 Erased: m4
Nov 12 15:06:59 Erased: perl-JSON
Nov 12 15:06:59 Erased: perl-XML-Simple
Nov 12 15:06:59 Erased: perl-libxml-perl
Nov 12 15:06:59 Erased: perl-XML-Parser
Nov 12 15:06:59 Erased: perl-libwww-perl
Nov 12 15:06:59 Erased: mailcap
Nov 12 15:07:26 Erased: memtest86+
Nov 12 15:07:45 Erased: mysql
Nov 12 15:07:49 Erased: perl-DBD-MySQL
Nov 12 15:07:49 Erased: mysql-libs
Nov 12 15:08:17 Erased: openjade
Nov 12 15:22:31 Erased: fuse
Nov 12 15:22:35 Erased: fuse-libs
Nov 12 15:24:29 Erased: iptraf
Nov 12 15:26:36 Erased: openct
Nov 12 15:26:36 Erased: libtool-ltdl
Nov 12 15:27:47 Erased: libxcb
Nov 12 15:27:47 Erased: libXau
Nov 12 15:28:18 Erased: libXfont
Nov 12 15:28:45 Erased: libXdmcp
Nov 12 15:29:07 Erased: mailx
Nov 12 15:29:20 Erased: man-pages
Nov 12 15:29:46 Erased: mpfr
Nov 12 15:30:18 Erased: mtr
Nov 12 15:31:23 Erased: oddjob
Nov 12 15:31:54 Erased: patchutils
Nov 12 15:32:37 Erased: pixman
Nov 12 15:33:04 Erased: postgresql-libs
Nov 12 15:33:53 Erased: rdate
Nov 12 15:34:09 Erased: rng-tools
Nov 12 15:35:06 Erased: setuptool
Nov 12 15:35:06 Erased: ntsysv
Nov 12 15:35:06 Erased: newt
Nov 12 15:35:06 Erased: slang
Nov 12 15:35:40 Erased: libsemanage
Nov 12 15:35:40 Erased: ustr
Nov 12 15:36:06 Erased: vlock
Nov 12 15:36:58 Erased: x86info
Nov 12 15:37:10 Erased: xml-common
Nov 12 15:52:54 Erased: perl-Net-DNS
Nov 12 15:53:27 Erased: perl-HTML-Parser
Nov 12 15:53:27 Erased: perl-HTML-Tagset
Nov 12 15:54:18 Erased: perl-CPANPLUS
Nov 12 15:54:18 Erased: perl-DBD-SQLite
Nov 12 15:54:54 Erased: perl-Digest-HMAC
Nov 12 15:55:24 Erased: perl-Term-UI
Nov 12 15:55:24 Erased: perl-Log-Message-Simple
Nov 12 15:55:59 Erased: perl-DateTime
Nov 12 15:56:00 Erased: perl-Template-Toolkit
Nov 12 15:56:00 Erased: perl-Archive-Tar
Nov 12 15:56:00 Erased: perl-File-Fetch
Nov 12 15:56:00 Erased: perl-Archive-Extract
Nov 12 15:56:00 Erased: perl-IPC-Cmd
Nov 12 15:56:00 Erased: perl-Module-Load-Conditional
Nov 12 15:56:00 Erased: perl-Log-Message
Nov 12 15:56:00 Erased: perl-IO-Zlib
Nov 12 15:56:00 Erased: perl-Compress-Zlib
Nov 12 15:56:00 Erased: perl-IO-Compress-Zlib
Nov 12 15:56:00 Erased: perl-Object-Accessor
Nov 12 15:56:00 Erased: perl-Params-Check
Nov 12 15:56:00 Erased: perl-DBIx-Simple
Nov 12 15:56:00 Erased: perl-Archive-Zip
Nov 12 15:56:00 Erased: perl-Module-CoreList
Nov 12 15:56:00 Erased: perl-Date-Manip
Nov 12 15:56:00 Erased: perl-XML-SAX
Nov 12 15:56:00 Erased: perl-XML-LibXML
Nov 12 15:56:00 Erased: perl-Bit-Vector
Nov 12 15:56:00 Erased: vim-enhanced
Nov 12 15:56:00 Erased: perl-Carp-Clan
Nov 12 15:56:00 Erased: perl-XML-NamespaceSupport
Nov 12 15:56:00 Erased: perl-YAML-Syck
Nov 12 15:56:00 Erased: perl-Locale-Maketext-Simple
Nov 12 15:56:00 Erased: perl-IO-Compress-Base
Nov 12 15:56:00 Erased: perl-Module-Load
Nov 12 15:56:00 Erased: perl-Package-Constants
Nov 12 15:56:00 Erased: perl-AppConfig
Nov 12 15:56:00 Erased: perl-CGI
Nov 12 15:56:00 Erased: perl-Pod-POM
Nov 12 15:56:00 Erased: perl-Class-Singleton
Nov 12 15:56:00 Erased: perl-Crypt-PasswdMD5
Nov 12 15:56:00 Erased: perl-Parse-CPAN-Meta
Nov 12 15:56:00 Erased: perl-TimeDate
Nov 12 15:56:00 Erased: perl-Module-Loaded
Nov 12 15:56:00 Erased: perl-Perlilog
Nov 12 15:56:00 Erased: perl-URI
Nov 12 15:56:00 Erased: perl-IO-String
Nov 12 15:56:00 Erased: perl-Compress-Raw-Zlib
Nov 12 15:56:00 Erased: perl-DBI
Nov 12 15:56:00 Erased: perl-Params-Validate
Nov 12 15:56:00 Erased: perl-List-MoreUtils
Nov 12 15:56:00 Erased: perl-Encode-Detect
Nov 12 15:56:00 Erased: numactl
Nov 12 15:56:00 Erased: perl-Digest-SHA
Nov 12 15:56:00 Erased: perl-BSD-Resource
Nov 12 15:56:00 Erased: perl-libintl
Nov 12 15:56:00 Erased: perl-Net-LibIDN
Nov 12 15:56:00 Erased: perl-String-CRC32
Nov 12 15:56:00 Erased: perl-Time-HiRes
Nov 12 15:56:00 Erased: perl-Digest-SHA1
Nov 12 15:56:00 Erased: perl-Module-Pluggable
Nov 12 15:56:00 Erased: perl-Pod-Escapes
Nov 12 15:56:00 Erased: perl-Pod-Simple
Nov 12 15:56:00 Erased: perl-libs
Nov 12 15:56:01 Erased: perl
Nov 12 15:56:01 Erased: perl-version
Nov 12 15:59:41 Erased: libselinux-python
Nov 12 15:59:54 Erased: python-ldap
Nov 12 16:00:07 Erased: python-nose
Nov 12 16:00:07 Erased: python-setuptools
Nov 12 16:00:28 Erased: audit-libs-python
Nov 12 16:00:37 Erased: dbus-python
Nov 12 16:01:29 Erased: python-docs
Nov 13 01:06:17 Erased: openssl098e
Nov 13 01:06:54 Erased: at
Nov 13 01:07:29 Erased: cpufrequtils
Nov 13 01:08:15 Erased: ctapi-common
Nov 13 01:18:52 Installed: 1:perl-Pod-Escapes-1.04-119.el6_1.1.x86_64
Nov 13 01:18:52 Installed: 1:perl-Module-Pluggable-3.90-119.el6_1.1.x86_64
Nov 13 01:18:52 Installed: 4:perl-libs-5.10.1-119.el6_1.1.x86_64
Nov 13 01:18:52 Installed: 1:perl-Pod-Simple-3.13-119.el6_1.1.x86_64
Nov 13 01:18:52 Installed: 3:perl-version-0.77-119.el6_1.1.x86_64
Nov 13 01:18:56 Installed: 4:perl-5.10.1-119.el6_1.1.x86_64
Nov 13 01:18:56 Installed: 2:vim-enhanced-7.2.411-1.9.tl1.x86_64
Nov 13 01:21:50 Erased: acpid
Nov 13 01:22:17 Erased: apr-util
Nov 13 01:22:17 Erased: apr
Nov 13 01:22:38 Erased: arptables_jf
Nov 13 01:23:00 Erased: arpwatch
Nov 13 01:23:33 Erased: audit
Nov 13 01:24:38 Erased: bind-utils
Nov 13 01:24:38 Erased: bind-libs
Nov 13 01:26:45 Erased: freetype
Nov 13 01:27:05 Erased: gnutls
Nov 13 01:28:15 Erased: iptables-ipv6
Nov 13 01:29:03 Erased: iptstate
Nov 13 01:29:44 Erased: libart_lgpl
Nov 13 01:30:22 Erased: libconfig
Nov 13 01:30:35 Erased: libdaemon
Nov 13 01:30:52 Erased: nfs-utils
Nov 13 01:30:52 Erased: nfs-utils-lib
Nov 13 01:30:52 Erased: libevent
Nov 13 01:31:12 Erased: libfontenc
Nov 13 01:31:44 Erased: libgomp
Nov 13 01:32:01 Erased: rpcbind
Nov 13 01:32:01 Erased: libtirpc
Nov 13 01:32:01 Erased: libgssglue
Nov 13 01:32:15 Erased: libhbalinux
Nov 13 01:32:15 Erased: libhbaapi
Nov 13 01:32:33 Erased: libnetfilter_conntrack
Nov 13 01:32:45 Erased: libnfnetlink
Nov 13 01:33:02 Erased: libpciaccess
Nov 13 01:33:16 Erased: libtasn1
Nov 13 01:33:45 Erased: libusb1
Nov 13 02:14:35 Erased: m2crypto
Nov 13 02:16:21 Erased: mcstrans
Nov 13 02:16:38 Erased: microcode_ctl
Nov 13 02:17:50 Erased: opensp
Nov 13 02:18:20 Erased: pax
Nov 13 02:18:54 Erased: pcsc-lite-libs
Nov 13 02:20:54 Erased: plymouth-scripts
Nov 13 02:22:17 Erased: prelink
Nov 13 02:23:03 Erased: rdist
Nov 13 02:39:55 Erased: tcp_wrappers
Nov 13 02:40:53 Erased: dmraid-events
Nov 13 02:40:53 Erased: dmraid
Nov 13 02:40:53 Erased: sgpio
Nov 13 02:41:12 Erased: rsh
Nov 13 02:41:56 Erased: pam_passwdqc
Nov 13 02:42:03 Erased: pam_ldap
Nov 13 02:42:09 Erased: pam_krb5
Nov 13 02:43:49 Erased: mcelog
Nov 13 02:44:07 Erased: lvm2
Nov 13 02:44:19 Erased: lvm2-libs
Nov 13 02:44:52 Erased: plymouth
Nov 13 02:44:52 Erased: libdrm
Nov 13 02:45:36 Erased: kexec-tools
Nov 13 02:45:52 Erased: hmaccalc
Nov 13 02:46:09 Erased: hardlink
Nov 13 02:49:10 Erased: xmlrpc-c-client
Nov 13 02:55:37 Installed: 2:vim-common-7.2.411-1.9.tl1.x86_64
Nov 13 03:07:00 Erased: redhat-logos
Nov 13 03:13:11 Erased: busybox
Nov 13 03:14:43 Erased: sgml-common
Nov 13 06:13:06 Erased: less
Nov 13 06:13:16 Erased: groff
Nov 13 06:33:27 Erased: vim-enhanced
Nov 13 06:33:27 Erased: perl-Module-Pluggable
Nov 13 06:33:27 Erased: perl-Pod-Escapes
Nov 13 06:33:27 Erased: perl-Pod-Simple
Nov 13 06:33:27 Erased: perl-libs
Nov 13 06:33:27 Erased: perl
Nov 13 06:33:27 Erased: perl-version
Nov 13 06:36:34 Erased: grub
Nov 13 06:36:48 Installed: 1:grub-0.97-75.el6.x86_64
Nov 13 06:37:40 Erased: irqbalance
Nov 13 06:38:36 Erased: sysstat
Nov 13 06:38:36 Erased: cronie
Nov 13 06:38:36 Erased: cronie-anacron
Nov 13 06:38:36 Erased: crontabs
Nov 13 06:38:36 Erased: rsyslog
Nov 13 06:38:36 Erased: logrotate
Nov 13 06:39:53 Erased: plymouth-core-libs
Nov 13 06:40:05 Erased: pygobject2
Nov 13 06:42:37 Erased: dtach
Nov 13 07:22:17 Installed: logrotate-3.7.8-13.tl1.1.x86_64
Nov 13 07:22:17 Installed: rsyslog-4.6.2-14.tl1.x86_64
Nov 13 08:44:31 Installed: libss-1.41.12-11.el6.x86_64
Nov 13 08:44:32 Installed: e2fsprogs-1.41.12-11.el6.x86_64
Jan 09 11:08:05 Installed: libgssglue-0.1-11.el6.x86_64
Jan 09 11:08:05 Installed: libtirpc-0.2.1-5.el6.x86_64
Jan 09 11:08:05 Installed: rpcbind-0.2.0-8.el6.x86_64
Jan 09 11:08:05 Installed: libevent-1.4.13-1.el6.x86_64
Jan 09 11:08:05 Installed: nfs-utils-lib-1.1.5-4.el6.x86_64
Jan 09 11:08:06 Installed: 1:nfs-utils-1.2.3-16.tl1.x86_64
Jan 09 11:16:05 Installed: bc-1.06.95-1.el6.x86_64
Jan 09 17:41:56 Installed: kernel-tlinux-2.6.32.43-1.0.8.tl1.x86_64
Aug 18 19:16:08 Installed: lvm2-libs-2.02.87-6.el6.x86_64
Aug 18 19:16:09 Installed: lvm2-2.02.87-6.el6.x86_64
Jan 06 16:42:36 Installed: linux-firmware-20140804-0.1.git6bce2b0.tl1.noarch
Jan 06 16:42:39 Installed: kernel-tlinux2_hpsa-3.10.0-1.0011.tl1.x86_64
Jan 06 16:42:40 Installed: kernel-tlinux2_hpsa-modules-removable-media-3.10.0-1.0011.tl1.x86_64
